This is pdfTeX, Version 3.14159265-2.6-1.40.15 (TeX Live 2014) (preloaded format=pdflatex 2014.5.25)  9 DEC 2014 16:38
entering extended mode
 restricted \write18 enabled.
 %&-line parsing enabled.
**overviewallfunctions
(./overviewallfunctions.tex
LaTeX2e <2014/05/01>
Babel <3.9k> and hyphenation patterns for 78 languages loaded.
)
Runaway argument?
{documentation/texforfunctions/ga-package \input {documentation/texfo\ETC.
! File ended while scanning use of \@iinput.
<inserted text> 
                \par 
<*> overviewallfunctions
                        
? 

*
(Please type a command or say `\end')
*e

! LaTeX Error: Missing \begin{document}.

See the LaTeX manual or LaTeX Companion for explanation.
Type  H <return>  for immediate help.
 ...                                              
                                                  
<*> e
     
? r
OK, entering \nonstopmode...
Missing character: There is no e in font nullfont!
! Emergency stop.
<*> e
     
*** (job aborted, no legal \end found)

 
Here is how much of TeX's memory you used:
 5 strings out of 493117
 179 string characters out of 6135433
 52909 words of memory out of 5000000
 3568 multiletter control sequences out of 15000+600000
 3640 words of font info for 14 fonts, out of 8000000 for 9000
 1141 hyphenation exceptions out of 8191
 5i,0n,4p,164b,14s stack positions out of 5000i,500n,10000p,200000b,80000s
!  ==> Fatal error occurred, no output PDF file produced!
