\BOOKMARK [1][-]{section.1}{Introduction}{}% 1
\BOOKMARK [1][-]{section.2}{Code}{}% 2
\BOOKMARK [2][-]{subsection.2.1}{reproduce function}{section.2}% 3
\BOOKMARK [2][-]{subsection.2.2}{reproduce function}{section.2}% 4
\BOOKMARK [1][-]{section.3}{Testing}{}% 5
\BOOKMARK [1][-]{section.4}{Contributions}{}% 6
\BOOKMARK [1][-]{section.5}{Appendix}{}% 7
\BOOKMARK [2][-]{section*.1}{GA-package}{section.5}% 8
\BOOKMARK [2][-]{section*.7}{select\137model}{section.5}% 9
\BOOKMARK [2][-]{section*.10}{evaluate\137once}{section.5}% 10
\BOOKMARK [2][-]{section*.14}{evaluate}{section.5}% 11
\BOOKMARK [2][-]{section*.18}{initialize}{section.5}% 12
\BOOKMARK [2][-]{section*.22}{mutate}{section.5}% 13
\BOOKMARK [2][-]{section*.26}{plot\137ga}{section.5}% 14
\BOOKMARK [2][-]{section*.30}{process\137data}{section.5}% 15
\BOOKMARK [2][-]{section*.34}{recombine\137once}{section.5}% 16
\BOOKMARK [2][-]{section*.38}{recombine}{section.5}% 17
\BOOKMARK [2][-]{section*.42}{reproduce}{section.5}% 18
\BOOKMARK [2][-]{section*.46}{select}{section.5}% 19
\BOOKMARK [2][-]{section*.50}{summary\137ga}{section.5}% 20
